

*******************************************************************************
Mon Aug 29 12:17:54 2022


FIT:    data read from "./Plotte_og_fitteopgaver.dat" using 1:($2-20)
        format = x:z
        x range restricted to [0.00000 : 20.0000]
        #datapoints = 21
        residuals are weighted equally (unit weight)

function used for fitting: f(x)
	f(x) = b*a**x
fitted parameters initialized with current variable values

iter      chisq       delta/lim  lambda   a             b            
   0 7.3005180411e+02   0.00e+00  3.38e+01    7.000000e-01   8.000000e+01
   5 1.1160351638e-04  -1.06e-09  3.38e+04    7.999939e-01   6.000100e+01

After 5 iterations the fit converged.
final sum of squares of residuals : 0.000111604
rel. change during last iteration : -1.05648e-14

degrees of freedom    (FIT_NDF)                        : 19
rms of residuals      (FIT_STDFIT) = sqrt(WSSR/ndf)    : 0.00242361
variance of residuals (reduced chisquare) = WSSR/ndf   : 5.87387e-06

Final set of parameters            Asymptotic Standard Error
=======================            ==========================
a               = 0.799994         +/- 8.728e-06    (0.001091%)
b               = 60.001           +/- 0.001863     (0.003105%)

correlation matrix of the fit parameters:
                a      b      
a               1.000 
b              -0.625  1.000 


*******************************************************************************
Mon Aug 29 12:29:32 2022


FIT:    data read from "./Plotte_og_fitteopgaver.dat" using 1:($2-20)
        format = x:z
        x range restricted to [0.00000 : 20.0000]
        #datapoints = 21
        residuals are weighted equally (unit weight)

function used for fitting: f(x)
	f(x) = b*a**x
fitted parameters initialized with current variable values

iter      chisq       delta/lim  lambda   a             b            
   0 7.3005180411e+02   0.00e+00  3.38e+01    7.000000e-01   8.000000e+01
   5 1.1160351638e-04  -1.06e-09  3.38e+04    7.999939e-01   6.000100e+01

After 5 iterations the fit converged.
final sum of squares of residuals : 0.000111604
rel. change during last iteration : -1.05648e-14

degrees of freedom    (FIT_NDF)                        : 19
rms of residuals      (FIT_STDFIT) = sqrt(WSSR/ndf)    : 0.00242361
variance of residuals (reduced chisquare) = WSSR/ndf   : 5.87387e-06

Final set of parameters            Asymptotic Standard Error
=======================            ==========================
a               = 0.799994         +/- 8.728e-06    (0.001091%)
b               = 60.001           +/- 0.001863     (0.003105%)

correlation matrix of the fit parameters:
                a      b      
a               1.000 
b              -0.625  1.000 


*******************************************************************************
Mon Aug 29 12:30:12 2022


FIT:    data read from "./Plotte_og_fitteopgaver.dat" using 1:($2-20)
        format = x:z
        x range restricted to [0.00000 : 20.0000]
        #datapoints = 21
        residuals are weighted equally (unit weight)

function used for fitting: f(x)
	f(x) = b*a**x
fitted parameters initialized with current variable values

iter      chisq       delta/lim  lambda   a             b            
   0 7.3005180411e+02   0.00e+00  3.38e+01    7.000000e-01   8.000000e+01
   5 1.1160351638e-04  -1.06e-09  3.38e+04    7.999939e-01   6.000100e+01

After 5 iterations the fit converged.
final sum of squares of residuals : 0.000111604
rel. change during last iteration : -1.05648e-14

degrees of freedom    (FIT_NDF)                        : 19
rms of residuals      (FIT_STDFIT) = sqrt(WSSR/ndf)    : 0.00242361
variance of residuals (reduced chisquare) = WSSR/ndf   : 5.87387e-06

Final set of parameters            Asymptotic Standard Error
=======================            ==========================
a               = 0.799994         +/- 8.728e-06    (0.001091%)
b               = 60.001           +/- 0.001863     (0.003105%)

correlation matrix of the fit parameters:
                a      b      
a               1.000 
b              -0.625  1.000 


*******************************************************************************
Mon Aug 29 12:30:39 2022


FIT:    data read from "./Plotte_og_fitteopgaver.dat" using 1:($2-20)
        format = x:z
        x range restricted to [0.00000 : 20.0000]
        #datapoints = 21
        residuals are weighted equally (unit weight)

function used for fitting: f(x)
	f(x) = b*a**x
fitted parameters initialized with current variable values

iter      chisq       delta/lim  lambda   a             b            
   0 7.3005180411e+02   0.00e+00  3.38e+01    7.000000e-01   8.000000e+01
   5 1.1160351638e-04  -1.06e-09  3.38e+04    7.999939e-01   6.000100e+01

After 5 iterations the fit converged.
final sum of squares of residuals : 0.000111604
rel. change during last iteration : -1.05648e-14

degrees of freedom    (FIT_NDF)                        : 19
rms of residuals      (FIT_STDFIT) = sqrt(WSSR/ndf)    : 0.00242361
variance of residuals (reduced chisquare) = WSSR/ndf   : 5.87387e-06

Final set of parameters            Asymptotic Standard Error
=======================            ==========================
a               = 0.799994         +/- 8.728e-06    (0.001091%)
b               = 60.001           +/- 0.001863     (0.003105%)

correlation matrix of the fit parameters:
                a      b      
a               1.000 
b              -0.625  1.000 
